988  /******************************/
989  /** NSAIDS clearance tables ***/
990  ** created: 20151223WED WTL ***;
991  ** updated: 20160406WED WTL ***;
992  /******************************/
993  ods html close; ods html;
NOTE: Writing HTML Body file: sashtml3.htm
994  title1 'RFQ clearance tables 20160414THU';
995  title2 'from special UVR dataset';
996  title3 'file: clear.tables.w.sas';
997  proc means data=melan_use missing;
998      class UVRQ;
999      var exposure_jul_78_05;
1000  run;

NOTE: There were 281207 observations read from the data set WORK.MELAN_USE.
NOTE: PROCEDURE MEANS used (Total process time):
      real time           0.60 seconds
      cpu time            0.18 seconds


1001  proc freq data=melan_use;
1002      tables
1003          UVRQ*melanoma_c
1004          UVRQ*sex
1005          UVRQ*shebl_type
1006      /missing  norow ;
1007  run;

NOTE: There were 281207 observations read from the data set WORK.MELAN_USE.
NOTE: PROCEDURE FREQ used (Total process time):
      real time           0.18 seconds
      cpu time            0.18 seconds


1008  title2 'from baseline dataset';
1009  proc freq data=melan_use;
1010      tables
1011          educm_comb*EDUCM
1012          educm_comb*melanoma_c
1013          educm_comb*sex
1014          educm_comb*shebl_type
1015          SMOKE_FORMER*shebl_type
1016      /missing  norow ;
1017  run;

NOTE: There were 281207 observations read from the data set WORK.MELAN_USE.
NOTE: PROCEDURE FREQ used (Total process time):
      real time           0.22 seconds
      cpu time            0.20 seconds


1018  proc means data=melan_use missing;
1019      class alcohol_comb;
1020      var mped_a_bev;
1021  run;

NOTE: There were 281207 observations read from the data set WORK.MELAN_USE.
NOTE: PROCEDURE MEANS used (Total process time):
      real time           0.11 seconds
      cpu time            0.18 seconds


1022  proc freq data=melan_use;
1023      tables
1024          alcohol_comb*melanoma_c
1025          alcohol_comb*sex
1026          alcohol_comb*shebl_type
1027      /missing  norow ;
1028  run;

NOTE: There were 281207 observations read from the data set WORK.MELAN_USE.
NOTE: PROCEDURE FREQ used (Total process time):
      real time           0.16 seconds
      cpu time            0.17 seconds


1029  proc means data=melan_use missing;
1030      class bmi_c;
1031      var bmi_cur;
1032  run;

NOTE: There were 281207 observations read from the data set WORK.MELAN_USE.
NOTE: PROCEDURE MEANS used (Total process time):
      real time           0.11 seconds
      cpu time            0.18 seconds


1033  proc freq data=melan_use;
1034      tables
1035          bmi_c*melanoma_c
1036          bmi_c*sex
1037          bmi_c*shebl_type
1038      /missing  norow ;
1039

NOTE: There were 281207 observations read from the data set WORK.MELAN_USE.
NOTE: PROCEDURE FREQ used (Total process time):
      real time           0.16 seconds
      cpu time            0.15 seconds


1040  proc freq data=melan_use;
1041      tables
1042          physic_c*physic
1043          physic_c*melanoma_c
1044          physic_c*sex
1045          physic_c*shebl_type
1046          physic_1518_c*physic_1518
1047          physic_1518_c*melanoma_c
1048          physic_1518_c*sex
1049          physic_1518_c*shebl_type
1050          HEART*shebl_type
1051          rf_1d_cancer*shebl_type
1052          coffee_c*qp12b
1053          coffee_c*melanoma_c
1054          coffee_c*sex
1055          coffee_c*shebl_type
1056          marriage_comb*MARRIAGE
1057          marriage_comb*melanoma_c
1058          marriage_comb*sex
1059          marriage_comb*shebl_type
1060      /missing  norow ;
1061  run;

NOTE: There were 281207 observations read from the data set WORK.MELAN_USE.
NOTE: PROCEDURE FREQ used (Total process time):
      real time           0.54 seconds
      cpu time            0.49 seconds


1062  title2 'from RF dataset';
1063  proc freq data=melan_use;
1064      title3'nsaid exposures';
1065      tables
1066          shebl_type*rf_Q10_1*rf_Q11_1
1067          shebl_asp_f*rf_Q10_1*rf_Q10_2
1068          shebl_non_f*rf_Q11_1*rf_Q11_2
1069      /missing nocol norow nopercent list;
1070  run;

NOTE: There were 281207 observations read from the data set WORK.MELAN_USE.
NOTE: PROCEDURE FREQ used (Total process time):
      real time           0.21 seconds
      cpu time            0.20 seconds


1071  proc freq data=melan_use;
1072      tables
1073          shebl_type*melanoma_c
1074          shebl_type*sex
1075          shebl_asp_f*melanoma_c
1076          shebl_asp_f*sex
1077          shebl_non_f*melanoma_c
1078          shebl_non_f*sex
1079          TV_comb*RF_PHYS_TV
1080          TV_comb*melanoma_c
1081          TV_comb*sex
1082          TV_comb*shebl_type
1083          nap_comb*RF_PHYS_NAP
1084          nap_comb*melanoma_c
1085          nap_comb*sex
1086          nap_comb*shebl_type
1087          htension*rf_Q47_1
1088          htension*melanoma_c
1089          htension*sex
1090          htension*shebl_type
1091      /missing ;
1092  run;

NOTE: There were 281207 observations read from the data set WORK.MELAN_USE.
NOTE: PROCEDURE FREQ used (Total process time):
      real time           0.39 seconds
      cpu time            0.34 seconds


1092!      title3;
1093  proc freq data=melan_use;
1094      title2 'Had any procedure on colon or rectum in past 3 years?';
1095      tables
1096          utilizer_m*rf_Q15A*rf_Q15B*rf_Q15C*rf_Q15D*rf_Q15E
1097      /missing nocol norow nopercent list;
1098  run;

NOTE: There were 281207 observations read from the data set WORK.MELAN_USE.
NOTE: PROCEDURE FREQ used (Total process time):
      real time           0.17 seconds
      cpu time            0.17 seconds


1099  proc freq data=melan_use;
1100      title2;
1101      tables
1102          utilizer_m*melanoma_c
1103          utilizer_m*sex
1104          utilizer_m*shebl_type
1105          utilizer_w*rf_Q44
1106          utilizer_w*melanoma_c
1107          utilizer_w*sex
1108          utilizer_w*shebl_type
1109      /missing  norow ;
1110  run;

NOTE: There were 281207 observations read from the data set WORK.MELAN_USE.
NOTE: PROCEDURE FREQ used (Total process time):
      real time           0.20 seconds
      cpu time            0.18 seconds


1111
1112  proc means data=melan_use missing;
1113      title2 'RF entry age age category';
1114      class agecat;
1115      var rf_entry_age;
1116  run;

NOTE: There were 281207 observations read from the data set WORK.MELAN_USE.
NOTE: PROCEDURE MEANS used (Total process time):
      real time           0.11 seconds
      cpu time            0.18 seconds


1117  proc freq data=melan_use;
1118      tables
1119          agecat*melanoma_c
1120          agecat*sex
1121          agecat*shebl_type
1122      /missing  norow nopercent;
1123  run;

NOTE: There were 281207 observations read from the data set WORK.MELAN_USE.
NOTE: PROCEDURE FREQ used (Total process time):
      real time           0.15 seconds
      cpu time            0.14 seconds


1124
1125  proc means data=melan_use;
1126      title2 'RF age at entry mean (SD)';
1127      var rf_entry_age;
1128  run;

NOTE: There were 281207 observations read from the data set WORK.MELAN_USE.
NOTE: PROCEDURE MEANS used (Total process time):
      real time           0.11 seconds
      cpu time            0.15 seconds


1129  proc means data=melan_use;
1130      class shebl_type;
1131      var rf_entry_age;
1132  run;

NOTE: There were 281207 observations read from the data set WORK.MELAN_USE.
NOTE: PROCEDURE MEANS used (Total process time):
      real time           0.12 seconds
      cpu time            0.10 seconds


1133  proc univariate data=melan_use;
1134      title2 'RF follow up median (IQR)';
1135      var rf_personyrs;
1136  run;

NOTE: PROCEDURE UNIVARIATE used (Total process time):
      real time           0.53 seconds
      cpu time            0.28 seconds


1137  proc univariate data=melan_use;
1138      class shebl_type;
1139      var rf_personyrs;
1140  run;

NOTE: PROCEDURE UNIVARIATE used (Total process time):
      real time           0.30 seconds
      cpu time            0.29 seconds


1141  title;

