3229  /******************************/
3230  /** NSAIDS clearance tables ***/
3231  ** created: 20151223WED WTL ***;
3232  ** updated: 20160421THU WTL ***;
3233  /******************************/
3234  ods html close; ods html;
NOTE: Writing HTML Body file: sashtml9.htm
3235  title1 'RFQ clearance tables 20160421THU';
3236  title2 'from special UVR dataset';
3237  title3 'file: clear.tables.w.sas';
3238  proc means data=melan_use missing;
3239      class UVRQ;
3240      var exposure_jul_78_05;
3241  run;

NOTE: There were 281257 observations read from the data set WORK.MELAN_USE.
NOTE: PROCEDURE MEANS used (Total process time):
      real time           0.12 seconds
      cpu time            0.21 seconds


3242  proc freq data=melan_use;
3243      tables
3244          UVRQ*melanoma_c
3245          UVRQ*sex
3246          UVRQ*shebl_type
3247      /missing  norow ;
3248  run;

NOTE: There were 281257 observations read from the data set WORK.MELAN_USE.
NOTE: PROCEDURE FREQ used (Total process time):
      real time           0.16 seconds
      cpu time            0.15 seconds


3249  title2 'from baseline dataset';
3250  proc freq data=melan_use;
3251      tables
3252          educm_comb*EDUCM
3253          educm_comb*melanoma_c
3254          educm_comb*sex
3255          educm_comb*shebl_type
3256          SMOKE_FORMER*shebl_type
3257      /missing  norow ;
3258  run;

NOTE: There were 281257 observations read from the data set WORK.MELAN_USE.
NOTE: PROCEDURE FREQ used (Total process time):
      real time           0.21 seconds
      cpu time            0.21 seconds


3259  proc means data=melan_use missing;
3260      class alcohol_comb;
3261      var mped_a_bev;
3262  run;

NOTE: There were 281257 observations read from the data set WORK.MELAN_USE.
NOTE: PROCEDURE MEANS used (Total process time):
      real time           0.12 seconds
      cpu time            0.12 seconds


3263  proc freq data=melan_use;
3264      tables
3265          alcohol_comb*melanoma_c
3266          alcohol_comb*sex
3267          alcohol_comb*shebl_type
3268      /missing  norow ;
3269  run;

NOTE: There were 281257 observations read from the data set WORK.MELAN_USE.
NOTE: PROCEDURE FREQ used (Total process time):
      real time           0.17 seconds
      cpu time            0.17 seconds


3270  proc means data=melan_use missing;
3271      class bmi_c;
3272      var bmi_cur;
3273  run;

NOTE: There were 281257 observations read from the data set WORK.MELAN_USE.
NOTE: PROCEDURE MEANS used (Total process time):
      real time           0.12 seconds
      cpu time            0.12 seconds


3274  proc freq data=melan_use;
3275      tables
3276          bmi_c*melanoma_c
3277          bmi_c*sex
3278          bmi_c*shebl_type
3279      /missing  norow ;
3280

NOTE: There were 281257 observations read from the data set WORK.MELAN_USE.
NOTE: PROCEDURE FREQ used (Total process time):
      real time           0.17 seconds
      cpu time            0.17 seconds


3281  proc freq data=melan_use;
3282      tables
3283          physic_c*physic
3284          physic_c*melanoma_c
3285          physic_c*sex
3286          physic_c*shebl_type
3287          physic_1518_c*physic_1518
3288          physic_1518_c*melanoma_c
3289          physic_1518_c*sex
3290          physic_1518_c*shebl_type
3291          HEART*shebl_type
3292          rf_1d_cancer*shebl_type
3293          coffee_c*qp12b
3294          coffee_c*melanoma_c
3295          coffee_c*sex
3296          coffee_c*shebl_type
3297          marriage_comb*MARRIAGE
3298          marriage_comb*melanoma_c
3299          marriage_comb*sex
3300          marriage_comb*shebl_type
3301      /missing  norow ;
3302  run;

NOTE: There were 281257 observations read from the data set WORK.MELAN_USE.
NOTE: PROCEDURE FREQ used (Total process time):
      real time           0.49 seconds
      cpu time            0.48 seconds


3303  title2 'from RF dataset';
3304  proc freq data=melan_use;
3305      title3'nsaid exposures';
3306      tables
3307          shebl_type*rf_Q10_1*rf_Q11_1
3308          shebl_asp_f*rf_Q10_1*rf_Q10_2
3309          shebl_non_f*rf_Q11_1*rf_Q11_2
3310      /missing nocol norow nopercent list;
3311  run;

NOTE: There were 281257 observations read from the data set WORK.MELAN_USE.
NOTE: PROCEDURE FREQ used (Total process time):
      real time           0.20 seconds
      cpu time            0.18 seconds


3312  proc freq data=melan_use;
3313      tables
3314          shebl_type*melanoma_c
3315          shebl_type*sex
3316          shebl_asp_f*melanoma_c
3317          shebl_asp_f*sex
3318          shebl_non_f*melanoma_c
3319          shebl_non_f*sex
3320          TV_comb*RF_PHYS_TV
3321          TV_comb*melanoma_c
3322          TV_comb*sex
3323          TV_comb*shebl_type
3324          nap_comb*RF_PHYS_NAP
3325          nap_comb*melanoma_c
3326          nap_comb*sex
3327          nap_comb*shebl_type
3328          htension*rf_Q47_1
3329          htension*melanoma_c
3330          htension*sex
3331          htension*shebl_type
3332      /missing ;
3333  run;

NOTE: There were 281257 observations read from the data set WORK.MELAN_USE.
NOTE: PROCEDURE FREQ used (Total process time):
      real time           0.37 seconds
      cpu time            0.37 seconds


3333!      title3;
3334  proc freq data=melan_use;
3335      title2 'Had any procedure on colon or rectum in past 3 years?';
3336      tables
3337          utilizer_m*rf_Q15A*rf_Q15B*rf_Q15C*rf_Q15D*rf_Q15E
3338      /missing nocol norow nopercent list;
3339  run;

NOTE: There were 281257 observations read from the data set WORK.MELAN_USE.
NOTE: PROCEDURE FREQ used (Total process time):
      real time           0.17 seconds
      cpu time            0.18 seconds


3340  proc freq data=melan_use;
3341      title2;
3342      tables
3343          utilizer_m*melanoma_c
3344          utilizer_m*sex
3345          utilizer_m*shebl_type
3346          utilizer_w*rf_Q44
3347          utilizer_w*melanoma_c
3348          utilizer_w*sex
3349          utilizer_w*shebl_type
3350      /missing  norow ;
3351  run;

NOTE: There were 281257 observations read from the data set WORK.MELAN_USE.
NOTE: PROCEDURE FREQ used (Total process time):
      real time           0.19 seconds
      cpu time            0.18 seconds


3352
3353  proc means data=melan_use missing;
3354      title2 'RF entry age age category';
3355      class agecat;
3356      var rf_entry_age;
3357  run;

NOTE: There were 281257 observations read from the data set WORK.MELAN_USE.
NOTE: PROCEDURE MEANS used (Total process time):
      real time           0.12 seconds
      cpu time            0.14 seconds


3358  proc freq data=melan_use;
3359      tables
3360          agecat*melanoma_c
3361          agecat*sex
3362          agecat*shebl_type
3363      /missing  norow nopercent;
3364  run;

NOTE: There were 281257 observations read from the data set WORK.MELAN_USE.
NOTE: PROCEDURE FREQ used (Total process time):
      real time           0.16 seconds
      cpu time            0.15 seconds


3365
3366  proc means data=melan_use;
3367      title2 'RF age at entry mean (SD)';
3368      var rf_entry_age;
3369  run;

NOTE: There were 281257 observations read from the data set WORK.MELAN_USE.
NOTE: PROCEDURE MEANS used (Total process time):
      real time           0.11 seconds
      cpu time            0.15 seconds


3370  proc means data=melan_use;
3371      class shebl_type;
3372      var rf_entry_age;
3373  run;

NOTE: There were 281257 observations read from the data set WORK.MELAN_USE.
NOTE: PROCEDURE MEANS used (Total process time):
      real time           0.12 seconds
      cpu time            0.20 seconds


3374  proc univariate data=melan_use;
3375      title2 'RF follow up median (IQR)';
3376      var rf_personyrs;
3377  run;

NOTE: PROCEDURE UNIVARIATE used (Total process time):
      real time           0.22 seconds
      cpu time            0.21 seconds


3378  proc univariate data=melan_use;
3379      class shebl_type;
3380      var rf_personyrs;
3381  run;

NOTE: PROCEDURE UNIVARIATE used (Total process time):
      real time           0.28 seconds
      cpu time            0.29 seconds


3382  title;

