4876  /******************************/
4877  /** NSAIDS clearance tables ***/
4878  ** created: 20151223WED WTL ***;
4879  ** updated: 20160421THU WTL ***;
4880  /******************************/
4881
4882  ** added shebl coded NSAID checks;
4883
4884  ods html close; ods html;
NOTE: Writing HTML Body file: sashtml18.htm
4885  title1 'RFQ clearance tables 20160421THU';
4886  title2 'from special UVR dataset';
4887  title3 'file: clear.tables.w.sas';
4888  proc means data=melan_use missing;
4889      class UVRQ;
4890      var exposure_jul_78_05;
4891  run;

NOTE: There were 281257 observations read from the data set WORK.MELAN_USE.
NOTE: PROCEDURE MEANS used (Total process time):
      real time           0.12 seconds
      cpu time            0.21 seconds


4892  proc freq data=melan_use;
4893      tables
4894          UVRQ*melanoma_c
4895          UVRQ*sex
4896          UVRQ*shebl_type
4897      /missing  norow ;
4898  run;

NOTE: There were 281257 observations read from the data set WORK.MELAN_USE.
NOTE: PROCEDURE FREQ used (Total process time):
      real time           0.17 seconds
      cpu time            0.17 seconds


4899  title2 'from baseline dataset';
4900  proc freq data=melan_use;
4901      tables
4902          educm_comb*EDUCM
4903          educm_comb*melanoma_c
4904          educm_comb*sex
4905          educm_comb*shebl_type
4906          SMOKE_FORMER*shebl_type
4907      /missing  norow ;
4908  run;

NOTE: There were 281257 observations read from the data set WORK.MELAN_USE.
NOTE: PROCEDURE FREQ used (Total process time):
      real time           0.21 seconds
      cpu time            0.20 seconds


4909  proc means data=melan_use missing;
4910      class alcohol_comb;
4911      var mped_a_bev;
4912  run;

NOTE: There were 281257 observations read from the data set WORK.MELAN_USE.
NOTE: PROCEDURE MEANS used (Total process time):
      real time           0.12 seconds
      cpu time            0.21 seconds


4913  proc freq data=melan_use;
4914      tables
4915          alcohol_comb*melanoma_c
4916          alcohol_comb*sex
4917          alcohol_comb*shebl_type
4918      /missing  norow ;
4919  run;

NOTE: There were 281257 observations read from the data set WORK.MELAN_USE.
NOTE: PROCEDURE FREQ used (Total process time):
      real time           0.17 seconds
      cpu time            0.17 seconds


4920  proc means data=melan_use missing;
4921      class bmi_c;
4922      var bmi_cur;
4923  run;

NOTE: There were 281257 observations read from the data set WORK.MELAN_USE.
NOTE: PROCEDURE MEANS used (Total process time):
      real time           0.12 seconds
      cpu time            0.21 seconds


4924  proc freq data=melan_use;
4925      tables
4926          bmi_c*melanoma_c
4927          bmi_c*sex
4928          bmi_c*shebl_type
4929      /missing  norow ;
4930

NOTE: There were 281257 observations read from the data set WORK.MELAN_USE.
NOTE: PROCEDURE FREQ used (Total process time):
      real time           0.17 seconds
      cpu time            0.17 seconds


4931  proc freq data=melan_use;
4932      tables
4933          physic_c*physic
4934          physic_c*melanoma_c
4935          physic_c*sex
4936          physic_c*shebl_type
4937          physic_1518_c*physic_1518
4938          physic_1518_c*melanoma_c
4939          physic_1518_c*sex
4940          physic_1518_c*shebl_type
4941          HEART*shebl_type
4942          rf_1d_cancer*shebl_type
4943          coffee_c*qp12b
4944          coffee_c*melanoma_c
4945          coffee_c*sex
4946          coffee_c*shebl_type
4947          marriage_comb*MARRIAGE
4948          marriage_comb*melanoma_c
4949          marriage_comb*sex
4950          marriage_comb*shebl_type
4951      /missing  norow ;
4952  run;

NOTE: There were 281257 observations read from the data set WORK.MELAN_USE.
NOTE: PROCEDURE FREQ used (Total process time):
      real time           0.51 seconds
      cpu time            0.49 seconds


4953  title2 'from RF dataset';
4954  proc freq data=melan_use;
4955      title3'nsaid exposures';
4956      tables
4957          shebl_type*rf_Q10_1*rf_Q11_1
4958          shebl_asp_f*rf_Q10_1*rf_Q10_2
4959          shebl_non_f*rf_Q11_1*rf_Q11_2
4960      /missing nocol norow nopercent list;
4961  run;

NOTE: There were 281257 observations read from the data set WORK.MELAN_USE.
NOTE: PROCEDURE FREQ used (Total process time):
      real time           0.20 seconds
      cpu time            0.20 seconds


4962  proc freq data=melan_use;
4963      tables
4964          shebl_type*melanoma_c
4965          shebl_type*sex
4966          shebl_asp_f*melanoma_c
4967          shebl_asp_f*sex
4968          shebl_non_f*melanoma_c
4969          shebl_non_f*sex
4970          TV_comb*RF_PHYS_TV
4971          TV_comb*melanoma_c
4972          TV_comb*sex
4973          TV_comb*shebl_type
4974          nap_comb*RF_PHYS_NAP
4975          nap_comb*melanoma_c
4976          nap_comb*sex
4977          nap_comb*shebl_type
4978          htension*rf_Q47_1
4979          htension*melanoma_c
4980          htension*sex
4981          htension*shebl_type
4982      /missing ;
4983  run;

NOTE: There were 281257 observations read from the data set WORK.MELAN_USE.
NOTE: PROCEDURE FREQ used (Total process time):
      real time           0.36 seconds
      cpu time            0.35 seconds


4983!      title3;
4984  proc freq data=melan_use;
4985      title2 'Had any procedure on colon or rectum in past 3 years?';
4986      tables
4987          utilizer_m*rf_Q15A*rf_Q15B*rf_Q15C*rf_Q15D*rf_Q15E
4988      /missing nocol norow nopercent list;
4989  run;

NOTE: There were 281257 observations read from the data set WORK.MELAN_USE.
NOTE: PROCEDURE FREQ used (Total process time):
      real time           0.17 seconds
      cpu time            0.17 seconds


4990  proc freq data=melan_use;
4991      title2;
4992      tables
4993          utilizer_m*melanoma_c
4994          utilizer_m*sex
4995          utilizer_m*shebl_type
4996          utilizer_w*rf_Q44
4997          utilizer_w*melanoma_c
4998          utilizer_w*sex
4999          utilizer_w*shebl_type
5000      /missing  norow ;
5001  run;

NOTE: There were 281257 observations read from the data set WORK.MELAN_USE.
NOTE: PROCEDURE FREQ used (Total process time):
      real time           0.20 seconds
      cpu time            0.18 seconds


5002
5003
5004  **************************;
5005  *check shebl freq, aspirin;
5006  proc freq data=melan_use;
5007      title2 'shebl aspirin freq';
5008      table rf_Q10_1*shebl_asp_f*rf_Q10_2
5009      /missing nocol norow nopercent;
5010  run;

NOTE: There were 281257 observations read from the data set WORK.MELAN_USE.
NOTE: PROCEDURE FREQ used (Total process time):
      real time           0.18 seconds
      cpu time            0.18 seconds


5011  *check shebl freq, non-aspirin;
5012  proc freq data=melan_use;
5013      title2 'shebl nonaspirin freq';
5014      table rf_Q11_1*shebl_non_f*rf_Q11_2
5015      /missing nocol norow nopercent;
5016  run;

NOTE: There were 281257 observations read from the data set WORK.MELAN_USE.
NOTE: PROCEDURE FREQ used (Total process time):
      real time           0.18 seconds
      cpu time            0.17 seconds


5017  *check shebl type, aspirin, non-aspirin;
5018  proc freq data=melan_use;
5019      title2 'shebl nsaid type';
5020      table shebl_type*rf_Q10_1*rf_Q11_1
5021      /missing nocol norow nopercent;
5022  run;

NOTE: There were 281257 observations read from the data set WORK.MELAN_USE.
NOTE: PROCEDURE FREQ used (Total process time):
      real time           0.17 seconds
      cpu time            0.15 seconds


5023
5024  proc freq data=melan_use;
5025      title2 'shebl cross checks';
5026      table
5027          (shebl_asp_f
5028          shebl_non_f
5029          shebl_type)*melanoma_c
5030      /missing nocol norow nopercent;
5031  run;

NOTE: There were 281257 observations read from the data set WORK.MELAN_USE.
NOTE: PROCEDURE FREQ used (Total process time):
      real time           0.16 seconds
      cpu time            0.14 seconds


5032  title;

