5033  /***************************************/
5034  /** NSAIDs test file *******************/
5035  /** contains various checks ************/
5036  /** now only SHEBL type NSAID coding ***/
5037  /** updated: 20151221 WTL **************/
5038  /***************************************/
5039
5040  ods html close; ods html;
NOTE: Writing HTML Body file: sashtml19.htm
5041  title1 'NSAID table1 checks';
5042  title2 '';
5043  title3 'file: shebl_check.sas';
5044
5045  proc means data=melan_use;
5046      title2 'RF age at entry mean (SD)';
5047      var rf_entry_age;
5048  run;

NOTE: There were 281257 observations read from the data set WORK.MELAN_USE.
NOTE: PROCEDURE MEANS used (Total process time):
      real time           0.12 seconds
      cpu time            0.15 seconds


5049  proc means data=melan_use;
5050      class shebl_type;
5051      var rf_entry_age;
5052  run;

NOTE: There were 281257 observations read from the data set WORK.MELAN_USE.
NOTE: PROCEDURE MEANS used (Total process time):
      real time           0.12 seconds
      cpu time            0.12 seconds


5053  proc univariate data=melan_use;
5054      title2 'RF follow up median (IQR)';
5055      var rf_personyrs;
5056  run;

NOTE: PROCEDURE UNIVARIATE used (Total process time):
      real time           0.22 seconds
      cpu time            0.21 seconds


5057  proc univariate data=melan_use;
5058      class shebl_type;
5059      var rf_personyrs;
5060  run;

NOTE: PROCEDURE UNIVARIATE used (Total process time):
      real time           0.28 seconds
      cpu time            0.28 seconds


5061
5062  proc freq data=melan_use;
5063      title2 'variables by shebl type';
5064      table
5065                  (SEX
5066                  educm_comb
5067                  SMOKE_FORMER
5068                  alcohol_comb
5069                  bmi_c
5070                  physic_c
5071                  physic_1518_c
5072                  UVRQ
5073                  htension
5074                  HEART
5075                  rel_1d_cancer
5076                  coffee_c
5077                  TV_comb
5078                  nap_comb
5079                  marriage_comb
5080                  utilizer_m
5081                  utilizer_w)*shebl_type
5082      /missing;
5083  run;

NOTE: There were 281257 observations read from the data set WORK.MELAN_USE.
NOTE: PROCEDURE FREQ used (Total process time):
      real time           1.02 seconds
      cpu time            1.03 seconds


5084  title;
5085  ods html;
