6363  /******************************/
6364  /** NSAIDS clearance tables ***/
6365  ** created: 20151223WED WTL ***;
6366  ** updated: 20160516MON WTL ***;
6367  /******************************/
6368
6369  ** added shebl coded NSAID checks;
6370
6371  ods html close; ods html;
NOTE: Writing HTML Body file: sashtml26.htm
6372  title1 'RFQ clearance tables 20160516MON';
6373  title2 'from special UVR dataset';
6374  title3 'file: clear.tables.w.sas';
6375  proc means data=melan_use missing;
6376      class UVRQ;
6377      var exposure_jul_78_05;
6378  run;

NOTE: There were 280066 observations read from the data set WORK.MELAN_USE.
NOTE: PROCEDURE MEANS used (Total process time):
      real time           0.13 seconds
      cpu time            0.18 seconds


6379  proc freq data=melan_use;
6380      tables
6381          UVRQ*melanoma_c
6382          UVRQ*sex
6383          UVRQ*shebl_type
6384      /missing  norow ;
6385  run;

NOTE: There were 280066 observations read from the data set WORK.MELAN_USE.
NOTE: PROCEDURE FREQ used (Total process time):
      real time           0.17 seconds
      cpu time            0.14 seconds


6386  title2 'from baseline dataset';
6387  proc freq data=melan_use;
6388      tables
6389          educm_comb*EDUCM
6390          educm_comb*melanoma_c
6391          educm_comb*sex
6392          educm_comb*shebl_type
6393          SMOKE_FORMER*shebl_type
6394      /missing  norow ;
6395  run;

NOTE: There were 280066 observations read from the data set WORK.MELAN_USE.
NOTE: PROCEDURE FREQ used (Total process time):
      real time           0.21 seconds
      cpu time            0.20 seconds


6396  proc means data=melan_use missing;
6397      class alcohol_comb;
6398      var mped_a_bev;
6399  run;

NOTE: There were 280066 observations read from the data set WORK.MELAN_USE.
NOTE: PROCEDURE MEANS used (Total process time):
      real time           0.12 seconds
      cpu time            0.17 seconds


6400  proc freq data=melan_use;
6401      tables
6402          alcohol_comb*melanoma_c
6403          alcohol_comb*sex
6404          alcohol_comb*shebl_type
6405      /missing  norow ;
6406  run;

NOTE: There were 280066 observations read from the data set WORK.MELAN_USE.
NOTE: PROCEDURE FREQ used (Total process time):
      real time           0.17 seconds
      cpu time            0.15 seconds


6407  proc means data=melan_use missing;
6408      class bmi_c;
6409      var bmi_cur;
6410  run;

NOTE: There were 280066 observations read from the data set WORK.MELAN_USE.
NOTE: PROCEDURE MEANS used (Total process time):
      real time           0.12 seconds
      cpu time            0.20 seconds


6411  proc freq data=melan_use;
6412      tables
6413          bmi_c*melanoma_c
6414          bmi_c*sex
6415          bmi_c*shebl_type
6416      /missing  norow ;
6417

NOTE: There were 280066 observations read from the data set WORK.MELAN_USE.
NOTE: PROCEDURE FREQ used (Total process time):
      real time           0.17 seconds
      cpu time            0.18 seconds


6418  proc freq data=melan_use;
6419      tables
6420          physic_c*physic
6421          physic_c*melanoma_c
6422          physic_c*sex
6423          physic_c*shebl_type
6424          physic_1518_c*physic_1518
6425          physic_1518_c*melanoma_c
6426          physic_1518_c*sex
6427          physic_1518_c*shebl_type
6428          HEART*shebl_type
6429          rf_1d_cancer*shebl_type
6430          coffee_c*qp12b
6431          coffee_c*melanoma_c
6432          coffee_c*sex
6433          coffee_c*shebl_type
6434          marriage_comb*MARRIAGE
6435          marriage_comb*melanoma_c
6436          marriage_comb*sex
6437          marriage_comb*shebl_type
6438      /missing  norow ;
6439  run;

NOTE: There were 280066 observations read from the data set WORK.MELAN_USE.
NOTE: PROCEDURE FREQ used (Total process time):
      real time           0.51 seconds
      cpu time            0.49 seconds


6440  title2 'from RF dataset';
6441  proc freq data=melan_use;
6442      title3'nsaid exposures';
6443      tables
6444          shebl_type*rf_Q10_1*rf_Q11_1
6445          shebl_asp_f*rf_Q10_1*rf_Q10_2
6446          shebl_non_f*rf_Q11_1*rf_Q11_2
6447      /missing nocol norow nopercent list;
6448  run;

NOTE: There were 280066 observations read from the data set WORK.MELAN_USE.
NOTE: PROCEDURE FREQ used (Total process time):
      real time           0.20 seconds
      cpu time            0.20 seconds


6449  proc freq data=melan_use;
6450      tables
6451          shebl_type*melanoma_c
6452          shebl_type*sex
6453          shebl_asp_f*melanoma_c
6454          shebl_asp_f*sex
6455          shebl_non_f*melanoma_c
6456          shebl_non_f*sex
6457          TV_comb*RF_PHYS_TV
6458          TV_comb*melanoma_c
6459          TV_comb*sex
6460          TV_comb*shebl_type
6461          nap_comb*RF_PHYS_NAP
6462          nap_comb*melanoma_c
6463          nap_comb*sex
6464          nap_comb*shebl_type
6465          htension*rf_Q47_1
6466          htension*melanoma_c
6467          htension*sex
6468          htension*shebl_type
6469      /missing ;
6470  run;

NOTE: There were 280066 observations read from the data set WORK.MELAN_USE.
NOTE: PROCEDURE FREQ used (Total process time):
      real time           0.37 seconds
      cpu time            0.35 seconds


6470!      title3;
6471  proc freq data=melan_use;
6472      title2 'Had any procedure on colon or rectum in past 3 years?';
6473      tables
6474          utilizer_m*rf_Q15A*rf_Q15B*rf_Q15C*rf_Q15D*rf_Q15E
6475      /missing nocol norow nopercent list;
6476  run;

NOTE: There were 280066 observations read from the data set WORK.MELAN_USE.
NOTE: PROCEDURE FREQ used (Total process time):
      real time           0.17 seconds
      cpu time            0.17 seconds


6477  proc freq data=melan_use;
6478      title2;
6479      tables
6480          utilizer_m*melanoma_c
6481          utilizer_m*sex
6482          utilizer_m*shebl_type
6483          utilizer_w*rf_Q44
6484          utilizer_w*melanoma_c
6485          utilizer_w*sex
6486          utilizer_w*shebl_type
6487      /missing  norow ;
6488  run;

NOTE: There were 280066 observations read from the data set WORK.MELAN_USE.
NOTE: PROCEDURE FREQ used (Total process time):
      real time           0.20 seconds
      cpu time            0.20 seconds


6489
6490  **************************;
6491  *check shebl freq, aspirin;
6492  proc freq data=melan_use;
6493      title2 'shebl aspirin freq';
6494      table rf_Q10_1*shebl_asp_f*rf_Q10_2
6495      /missing nocol norow nopercent;
6496  run;

NOTE: There were 280066 observations read from the data set WORK.MELAN_USE.
NOTE: PROCEDURE FREQ used (Total process time):
      real time           0.18 seconds
      cpu time            0.18 seconds


6497  *check shebl freq, non-aspirin;
6498  proc freq data=melan_use;
6499      title2 'shebl nonaspirin freq';
6500      table rf_Q11_1*shebl_non_f*rf_Q11_2
6501      /missing nocol norow nopercent;
6502  run;

NOTE: There were 280066 observations read from the data set WORK.MELAN_USE.
NOTE: PROCEDURE FREQ used (Total process time):
      real time           0.18 seconds
      cpu time            0.17 seconds


6503  *check shebl type, aspirin, non-aspirin;
6504  proc freq data=melan_use;
6505      title2 'shebl nsaid type';
6506      table shebl_type*rf_Q10_1*rf_Q11_1
6507      /missing nocol norow nopercent;
6508  run;

NOTE: There were 280066 observations read from the data set WORK.MELAN_USE.
NOTE: PROCEDURE FREQ used (Total process time):
      real time           0.16 seconds
      cpu time            0.15 seconds


6509
6510  proc freq data=melan_use;
6511      title2 'shebl cross checks';
6512      table
6513          (shebl_type
6514          shebl_asp_f
6515          shebl_non_f)*melanoma_c
6516      /missing nocol norow nopercent;
6517  run;

NOTE: There were 280066 observations read from the data set WORK.MELAN_USE.
NOTE: PROCEDURE FREQ used (Total process time):
      real time           0.16 seconds
      cpu time            0.15 seconds


6518  title;

