4222  /******************************************/
4223  /**** NSAIDs test file ********************/
4224  /**** contains various checks *************/
4225  /**** now only SHEBL type NSAID coding ****/
4226  /**** updated: 20160506FRI WTL ************/
4227  /******************************************/
4228
4229  ods html close; ods html;
NOTE: Writing HTML Body file: sashtml14.htm
4230  title1 'NSAID table1 checks';
4231  title2 '';
4232  title3 'file: shebl_check.sas';
4233
4234  proc means data=melan_use;
4235      title2 'RF age at entry mean (SD)';
4236      var rf_entry_age;
4237  run;

NOTE: There were 281257 observations read from the data set WORK.MELAN_USE.
NOTE: PROCEDURE MEANS used (Total process time):
      real time           0.12 seconds
      cpu time            0.15 seconds


4238  proc means data=melan_use;
4239      class shebl_type;
4240      var rf_entry_age;
4241  run;

NOTE: There were 281257 observations read from the data set WORK.MELAN_USE.
NOTE: PROCEDURE MEANS used (Total process time):
      real time           0.12 seconds
      cpu time            0.14 seconds


4242  proc univariate data=melan_use;
4243      title2 'RF follow up median (IQR)';
4244      var rf_personyrs;
4245  run;

NOTE: PROCEDURE UNIVARIATE used (Total process time):
      real time           0.22 seconds
      cpu time            0.21 seconds


4246  proc univariate data=melan_use;
4247      class shebl_type;
4248      var rf_personyrs;
4249  run;

NOTE: PROCEDURE UNIVARIATE used (Total process time):
      real time           0.31 seconds
      cpu time            0.25 seconds


4250
4251  proc freq data=melan_use;
4252      title2 'variables by shebl type';
4253      table
4254                  (SEX
4255                  educm_comb
4256                  SMOKE_FORMER
4257                  alcohol_comb
4258                  bmi_c
4259                  physic_c
4260                  physic_1518_c
4261                  UVRQ
4262                  htension
4263                  HEART
4264                  rel_1d_cancer
4265                  coffee_c
4266                  TV_comb
4267                  nap_comb
4268                  marriage_comb
4269                  utilizer_m
4270                  utilizer_w)*shebl_type
4271      /missing;
4272  run;

NOTE: There were 281257 observations read from the data set WORK.MELAN_USE.
NOTE: PROCEDURE FREQ used (Total process time):
      real time           1.04 seconds
      cpu time            1.06 seconds


4273  title;
4274  ods html;
